0 info it worked if it ends with ok
1 verbose cli [ '/usr/local/bin/node',
1 verbose cli   '/usr/local/bin/npm',
1 verbose cli   'build',
1 verbose cli   './test.json' ]
2 info using npm@2.11.2
3 info using node@v0.12.5
4 info build /media/soheil/2C92B87892B8485A/Users/soheil/Documents/Hexino/Nodejs/Bazuka_Gameplay_Server/test.json
5 verbose stack Error: ENOENT, open '/media/soheil/2C92B87892B8485A/Users/soheil/Documents/Hexino/Nodejs/Bazuka_Gameplay_Server/test.json/package.json'
5 verbose stack     at Error (native)
6 verbose cwd /media/soheil/2C92B87892B8485A/Users/soheil/Documents/Hexino/Nodejs/Bazuka_Gameplay_Server
7 error Linux 3.16.0-62-generic
8 error argv "/usr/local/bin/node" "/usr/local/bin/npm" "build" "./test.json"
9 error node v0.12.5
10 error npm  v2.11.2
11 error path /media/soheil/2C92B87892B8485A/Users/soheil/Documents/Hexino/Nodejs/Bazuka_Gameplay_Server/test.json/package.json
12 error code ENOENT
13 error errno -2
14 error enoent ENOENT, open '/media/soheil/2C92B87892B8485A/Users/soheil/Documents/Hexino/Nodejs/Bazuka_Gameplay_Server/test.json/package.json'
14 error enoent This is most likely not a problem with npm itself
14 error enoent and is related to npm not being able to find a file.
15 verbose exit [ -2, true ]
